Build started 2017/1/17 4:45:17.
     1>Project "D:\Code\C++\Lex\Lex\Lex.vcxproj" on node 2 (Build target(s)).
     1>ClCompile:
         C:\Program Files (x86)\Microsoft Visual Studio 12.0\VC\bin\CL.exe /c /ZI /nologo /W3 /WX- /sdl /Od /Oy- /D _MBCS /Gm /EHsc /RTC1 /MDd /GS /fp:precise /Zc:wchar_t /Zc:forScope /Fo"Debug\\" /Fd"Debug\vc120.pdb" /Gd /TP /analyze- /errorReport:prompt DFA.cpp NFA.cpp StatementTable.cpp lex.cpp
         StatementTable.cpp
     1>d:\code\c++\lex\lex\statementtable.cpp(50): warning C4018: '<' : signed/unsigned mismatch
         DFA.cpp
     1>d:\code\c++\lex\lex\dfa.h(31): warning C4018: '<' : signed/unsigned mismatch
     1>d:\code\c++\lex\lex\dfa.cpp(86): warning C4018: '<' : signed/unsigned mismatch
     1>d:\code\c++\lex\lex\dfa.cpp(126): warning C4018: '<' : signed/unsigned mismatch
     1>d:\code\c++\lex\lex\dfa.cpp(175): warning C4018: '<' : signed/unsigned mismatch
         Generating Code...
     1>d:\code\c++\lex\lex\dfa.cpp(157): warning C4715: 'DFA::findType' : not all control paths return a value
         Skipping... (no relevant changes detected)
         lex.cpp
         NFA.cpp
       Link:
         C:\Program Files (x86)\Microsoft Visual Studio 12.0\VC\bin\link.exe /ERRORREPORT:PROMPT /OUT:"D:\Code\C++\Lex\Debug\Lex.exe" /INCREMENTAL /NOLOGO kernel32.lib user32.lib gdi32.lib winspool.lib comdlg32.lib advapi32.lib shell32.lib ole32.lib oleaut32.lib uuid.lib odbc32.lib odbccp32.lib /MANIFEST /MANIFESTUAC:"level='asInvoker' uiAccess='false'" /manifest:embed /DEBUG /PDB:"D:\Code\C++\Lex\Debug\Lex.pdb" /TLBID:1 /DYNAMICBASE /NXCOMPAT /IMPLIB:"D:\Code\C++\Lex\Debug\Lex.lib" /MACHINE:X86 Debug\DFA.obj
         Debug\lex.obj
         Debug\NFA.obj
         Debug\StatementTable.obj
         Lex.vcxproj -> D:\Code\C++\Lex\Debug\Lex.exe
     1>Done Building Project "D:\Code\C++\Lex\Lex\Lex.vcxproj" (Build target(s)).

Build succeeded.

Time Elapsed 00:00:01.61
